<?xml version="1.0" encoding="UTF-8"?>
<!-- Generated by org.testng.reporters.JUnitReportReporter -->
<testsuite hostname="dell" name="HAS.Test_1" tests="3" failures="0" timestamp="20 Mar 2016 17:36:07 GMT" time="63.131" errors="0">
  <testcase name="uploadFile" time="35.693" classname="HAS.Test_1"/>
  <testcase name="setUp" time="7.726" classname="HAS.Test_1"/>
  <testcase name="loginToGdrive" time="19.712" classname="HAS.Test_1"/>
</testsuite> <!-- HAS.Test_1 -->
